[0.061s] DEBUG:colcon:Command line arguments: ['/usr/bin/colcon', 'build']
[0.061s] DEBUG:colcon:Parsed command line arguments: Namespace(log_base=None, log_level=None, verb_name='build', build_base='build', install_base='install', merge_install=False, symlink_install=False, test_result_base=None, continue_on_error=False, executor='parallel', parallel_workers=16, event_handlers=None, ignore_user_meta=False, metas=['./colcon.meta'], base_paths=['.'], packages_ignore=None, packages_ignore_regex=None, paths=None, packages_up_to=None, packages_up_to_regex=None, packages_above=None, packages_above_and_dependencies=None, packages_above_depth=None, packages_select_by_dep=None, packages_skip_by_dep=None, packages_skip_up_to=None, packages_select_build_failed=False, packages_skip_build_finished=False, packages_select_test_failures=False, packages_skip_test_passed=False, packages_select=None, packages_skip=None, packages_select_regex=None, packages_skip_regex=None, packages_start=None, packages_end=None, allow_overriding=[], cmake_args=None, cmake_target=None, cmake_target_skip_unavailable=False, cmake_clean_cache=False, cmake_clean_first=False, cmake_force_configure=False, ament_cmake_args=None, catkin_cmake_args=None, catkin_skip_building_tests=False, mixin_files=None, mixin=None, verb_parser=<colcon_mixin.mixin.mixin_argument.MixinArgumentDecorator object at 0x73ba03f9ed20>, verb_extension=<colcon_core.verb.build.BuildVerb object at 0x73ba03f9ea50>, main=<bound method BuildVerb.main of <colcon_core.verb.build.BuildVerb object at 0x73ba03f9ea50>>, mixin_verb=('build',))
[0.085s] Level 1:colcon.colcon_core.package_discovery:discover_packages(colcon_meta) check parameters
[0.085s] Level 1:colcon.colcon_core.package_discovery:discover_packages(recursive) check parameters
[0.085s] Level 1:colcon.colcon_core.package_discovery:discover_packages(ignore) check parameters
[0.085s] Level 1:colcon.colcon_core.package_discovery:discover_packages(path) check parameters
[0.085s] Level 1:colcon.colcon_core.package_discovery:discover_packages(colcon_meta) discover
[0.085s] Level 1:colcon.colcon_core.package_discovery:discover_packages(recursive) discover
[0.085s] INFO:colcon.colcon_core.package_discovery:Crawling recursively for packages in '/home/vitor/my_bot_ws/my_bot_ws'
[0.085s] Level 1:colcon.colcon_core.package_identification:_identify(.) by extensions ['ignore', 'ignore_ament_install']
[0.085s] Level 1:colcon.colcon_core.package_identification:_identify(.) by extension 'ignore'
[0.085s] Level 1:colcon.colcon_core.package_identification:_identify(.) by extension 'ignore_ament_install'
[0.085s] Level 1:colcon.colcon_core.package_identification:_identify(.) by extensions ['colcon_pkg']
[0.085s] Level 1:colcon.colcon_core.package_identification:_identify(.) by extension 'colcon_pkg'
[0.085s] Level 1:colcon.colcon_core.package_identification:_identify(.) by extensions ['colcon_meta']
[0.085s] Level 1:colcon.colcon_core.package_identification:_identify(.) by extension 'colcon_meta'
[0.085s] Level 1:colcon.colcon_core.package_identification:_identify(.) by extensions ['ros']
[0.085s] Level 1:colcon.colcon_core.package_identification:_identify(.) by extension 'ros'
[0.100s] Level 1:colcon.colcon_core.package_identification:_identify(.) by extensions ['cmake', 'python']
[0.100s] Level 1:colcon.colcon_core.package_identification:_identify(.) by extension 'cmake'
[0.100s] Level 1:colcon.colcon_core.package_identification:_identify(.) by extension 'python'
[0.100s] Level 1:colcon.colcon_core.package_identification:_identify(.) by extensions ['python_setup_py']
[0.100s] Level 1:colcon.colcon_core.package_identification:_identify(.) by extension 'python_setup_py'
[0.100s] Level 1:colcon.colcon_core.package_identification:_identify(arduino_code) by extensions ['ignore', 'ignore_ament_install']
[0.101s] Level 1:colcon.colcon_core.package_identification:_identify(arduino_code) by extension 'ignore'
[0.101s] Level 1:colcon.colcon_core.package_identification:_identify(arduino_code) by extension 'ignore_ament_install'
[0.101s] Level 1:colcon.colcon_core.package_identification:_identify(arduino_code) by extensions ['colcon_pkg']
[0.101s] Level 1:colcon.colcon_core.package_identification:_identify(arduino_code) by extension 'colcon_pkg'
[0.101s] Level 1:colcon.colcon_core.package_identification:_identify(arduino_code) by extensions ['colcon_meta']
[0.101s] Level 1:colcon.colcon_core.package_identification:_identify(arduino_code) by extension 'colcon_meta'
[0.101s] Level 1:colcon.colcon_core.package_identification:_identify(arduino_code) by extensions ['ros']
[0.101s] Level 1:colcon.colcon_core.package_identification:_identify(arduino_code) by extension 'ros'
[0.101s] Level 1:colcon.colcon_core.package_identification:_identify(arduino_code) by extensions ['cmake', 'python']
[0.101s] Level 1:colcon.colcon_core.package_identification:_identify(arduino_code) by extension 'cmake'
[0.101s] Level 1:colcon.colcon_core.package_identification:_identify(arduino_code) by extension 'python'
[0.101s] Level 1:colcon.colcon_core.package_identification:_identify(arduino_code) by extensions ['python_setup_py']
[0.101s] Level 1:colcon.colcon_core.package_identification:_identify(arduino_code) by extension 'python_setup_py'
[0.101s] Level 1:colcon.colcon_core.package_identification:_identify(arduino_code/RobotFIFirmware) by extensions ['ignore', 'ignore_ament_install']
[0.101s] Level 1:colcon.colcon_core.package_identification:_identify(arduino_code/RobotFIFirmware) by extension 'ignore'
[0.101s] Level 1:colcon.colcon_core.package_identification:_identify(arduino_code/RobotFIFirmware) by extension 'ignore_ament_install'
[0.101s] Level 1:colcon.colcon_core.package_identification:_identify(arduino_code/RobotFIFirmware) by extensions ['colcon_pkg']
[0.101s] Level 1:colcon.colcon_core.package_identification:_identify(arduino_code/RobotFIFirmware) by extension 'colcon_pkg'
[0.101s] Level 1:colcon.colcon_core.package_identification:_identify(arduino_code/RobotFIFirmware) by extensions ['colcon_meta']
[0.101s] Level 1:colcon.colcon_core.package_identification:_identify(arduino_code/RobotFIFirmware) by extension 'colcon_meta'
[0.101s] Level 1:colcon.colcon_core.package_identification:_identify(arduino_code/RobotFIFirmware) by extensions ['ros']
[0.101s] Level 1:colcon.colcon_core.package_identification:_identify(arduino_code/RobotFIFirmware) by extension 'ros'
[0.101s] Level 1:colcon.colcon_core.package_identification:_identify(arduino_code/RobotFIFirmware) by extensions ['cmake', 'python']
[0.101s] Level 1:colcon.colcon_core.package_identification:_identify(arduino_code/RobotFIFirmware) by extension 'cmake'
[0.101s] Level 1:colcon.colcon_core.package_identification:_identify(arduino_code/RobotFIFirmware) by extension 'python'
[0.101s] Level 1:colcon.colcon_core.package_identification:_identify(arduino_code/RobotFIFirmware) by extensions ['python_setup_py']
[0.101s] Level 1:colcon.colcon_core.package_identification:_identify(arduino_code/RobotFIFirmware) by extension 'python_setup_py'
[0.101s] Level 1:colcon.colcon_core.package_identification:_identify(build) by extensions ['ignore', 'ignore_ament_install']
[0.101s] Level 1:colcon.colcon_core.package_identification:_identify(build) by extension 'ignore'
[0.101s] Level 1:colcon.colcon_core.package_identification:_identify(build) ignored
[0.101s] Level 1:colcon.colcon_core.package_identification:_identify(install) by extensions ['ignore', 'ignore_ament_install']
[0.101s] Level 1:colcon.colcon_core.package_identification:_identify(install) by extension 'ignore'
[0.101s] Level 1:colcon.colcon_core.package_identification:_identify(install) ignored
[0.101s] Level 1:colcon.colcon_core.package_identification:_identify(log) by extensions ['ignore', 'ignore_ament_install']
[0.101s] Level 1:colcon.colcon_core.package_identification:_identify(log) by extension 'ignore'
[0.101s] Level 1:colcon.colcon_core.package_identification:_identify(log) ignored
[0.101s] Level 1:colcon.colcon_core.package_identification:_identify(src) by extensions ['ignore', 'ignore_ament_install']
[0.102s] Level 1:colcon.colcon_core.package_identification:_identify(src) by extension 'ignore'
[0.102s] Level 1:colcon.colcon_core.package_identification:_identify(src) by extension 'ignore_ament_install'
[0.102s] Level 1:colcon.colcon_core.package_identification:_identify(src) by extensions ['colcon_pkg']
[0.102s] Level 1:colcon.colcon_core.package_identification:_identify(src) by extension 'colcon_pkg'
[0.102s] Level 1:colcon.colcon_core.package_identification:_identify(src) by extensions ['colcon_meta']
[0.102s] Level 1:colcon.colcon_core.package_identification:_identify(src) by extension 'colcon_meta'
[0.102s] Level 1:colcon.colcon_core.package_identification:_identify(src) by extensions ['ros']
[0.102s] Level 1:colcon.colcon_core.package_identification:_identify(src) by extension 'ros'
[0.103s] DEBUG:colcon.colcon_core.package_identification:Package 'src' with type 'ros.ament_cmake' and name 'my_bot'
[0.103s] Level 1:colcon.colcon_core.package_discovery:discover_packages(recursive) using defaults
[0.103s] Level 1:colcon.colcon_core.package_discovery:discover_packages(ignore) discover
[0.103s] Level 1:colcon.colcon_core.package_discovery:discover_packages(ignore) using defaults
[0.103s] Level 1:colcon.colcon_core.package_discovery:discover_packages(path) discover
[0.103s] Level 1:colcon.colcon_core.package_discovery:discover_packages(path) using defaults
[0.114s] Level 1:colcon.colcon_core.package_discovery:discover_packages(prefix_path) check parameters
[0.114s] Level 1:colcon.colcon_core.package_discovery:discover_packages(prefix_path) discover
[0.115s] DEBUG:colcon.colcon_installed_package_information.package_discovery:Found 4 installed packages in /home/vitor/mros_ws/install
[0.116s] DEBUG:colcon.colcon_installed_package_information.package_discovery:Found 415 installed packages in /opt/ros/jazzy
[0.117s] Level 1:colcon.colcon_core.package_discovery:discover_packages(prefix_path) using defaults
[0.143s] Level 5:colcon.colcon_core.verb:set package 'my_bot' build argument 'cmake_args' from command line to 'None'
[0.143s] Level 5:colcon.colcon_core.verb:set package 'my_bot' build argument 'cmake_target' from command line to 'None'
[0.143s] Level 5:colcon.colcon_core.verb:set package 'my_bot' build argument 'cmake_target_skip_unavailable' from command line to 'False'
[0.143s] Level 5:colcon.colcon_core.verb:set package 'my_bot' build argument 'cmake_clean_cache' from command line to 'False'
[0.143s] Level 5:colcon.colcon_core.verb:set package 'my_bot' build argument 'cmake_clean_first' from command line to 'False'
[0.143s] Level 5:colcon.colcon_core.verb:set package 'my_bot' build argument 'cmake_force_configure' from command line to 'False'
[0.143s] Level 5:colcon.colcon_core.verb:set package 'my_bot' build argument 'ament_cmake_args' from command line to 'None'
[0.143s] Level 5:colcon.colcon_core.verb:set package 'my_bot' build argument 'catkin_cmake_args' from command line to 'None'
[0.143s] Level 5:colcon.colcon_core.verb:set package 'my_bot' build argument 'catkin_skip_building_tests' from command line to 'False'
[0.143s] DEBUG:colcon.colcon_core.verb:Building package 'my_bot' with the following arguments: {'ament_cmake_args': None, 'build_base': '/home/vitor/my_bot_ws/my_bot_ws/build/my_bot', 'catkin_cmake_args': None, 'catkin_skip_building_tests': False, 'cmake_args': None, 'cmake_clean_cache': False, 'cmake_clean_first': False, 'cmake_force_configure': False, 'cmake_target': None, 'cmake_target_skip_unavailable': False, 'install_base': '/home/vitor/my_bot_ws/my_bot_ws/install/my_bot', 'merge_install': False, 'path': '/home/vitor/my_bot_ws/my_bot_ws/src', 'symlink_install': False, 'test_result_base': None}
[0.143s] INFO:colcon.colcon_core.executor:Executing jobs using 'parallel' executor
[0.144s] DEBUG:colcon.colcon_parallel_executor.executor.parallel:run_until_complete
[0.144s] INFO:colcon.colcon_ros.task.ament_cmake.build:Building ROS package in '/home/vitor/my_bot_ws/my_bot_ws/src' with build type 'ament_cmake'
[0.144s] INFO:colcon.colcon_cmake.task.cmake.build:Building CMake package in '/home/vitor/my_bot_ws/my_bot_ws/src'
[0.145s] INFO:colcon.colcon_core.plugin_system:Skipping extension 'colcon_core.shell.bat': Not used on non-Windows systems
[0.145s] INFO:colcon.colcon_core.shell:Skip shell extension 'powershell' for command environment: Not usable outside of PowerShell
[0.145s] DEBUG:colcon.colcon_core.shell:Skip shell extension 'dsv' for command environment
[0.153s] DEBUG:colcon.colcon_core.event_handler.log_command:Invoking command in '/home/vitor/my_bot_ws/my_bot_ws/build/my_bot': CMAKE_PREFIX_PATH=${CMAKE_PREFIX_PATH}:/opt/ros/jazzy DEBUGINFOD_URLS=https://debuginfod.ubuntu.com /usr/bin/cmake /home/vitor/my_bot_ws/my_bot_ws/src -DCMAKE_INSTALL_PREFIX=/home/vitor/my_bot_ws/my_bot_ws/install/my_bot
[0.599s] DEBUG:colcon.colcon_core.event_handler.log_command:Invoked command in '/home/vitor/my_bot_ws/my_bot_ws/build/my_bot' returned '0': CMAKE_PREFIX_PATH=${CMAKE_PREFIX_PATH}:/opt/ros/jazzy DEBUGINFOD_URLS=https://debuginfod.ubuntu.com /usr/bin/cmake /home/vitor/my_bot_ws/my_bot_ws/src -DCMAKE_INSTALL_PREFIX=/home/vitor/my_bot_ws/my_bot_ws/install/my_bot
[0.600s] DEBUG:colcon.colcon_core.event_handler.log_command:Invoking command in '/home/vitor/my_bot_ws/my_bot_ws/build/my_bot': CMAKE_PREFIX_PATH=${CMAKE_PREFIX_PATH}:/opt/ros/jazzy DEBUGINFOD_URLS=https://debuginfod.ubuntu.com /usr/bin/cmake --build /home/vitor/my_bot_ws/my_bot_ws/build/my_bot -- -j16 -l16
[0.664s] DEBUG:colcon.colcon_core.event_handler.log_command:Invoked command in '/home/vitor/my_bot_ws/my_bot_ws/build/my_bot' returned '0': CMAKE_PREFIX_PATH=${CMAKE_PREFIX_PATH}:/opt/ros/jazzy DEBUGINFOD_URLS=https://debuginfod.ubuntu.com /usr/bin/cmake --build /home/vitor/my_bot_ws/my_bot_ws/build/my_bot -- -j16 -l16
[0.672s] DEBUG:colcon.colcon_core.event_handler.log_command:Invoking command in '/home/vitor/my_bot_ws/my_bot_ws/build/my_bot': CMAKE_PREFIX_PATH=${CMAKE_PREFIX_PATH}:/opt/ros/jazzy DEBUGINFOD_URLS=https://debuginfod.ubuntu.com /usr/bin/cmake --install /home/vitor/my_bot_ws/my_bot_ws/build/my_bot
[0.692s] Level 1:colcon.colcon_core.environment:create_environment_scripts_only(my_bot)
[0.692s] DEBUG:colcon.colcon_core.event_handler.log_command:Invoked command in '/home/vitor/my_bot_ws/my_bot_ws/build/my_bot' returned '0': CMAKE_PREFIX_PATH=${CMAKE_PREFIX_PATH}:/opt/ros/jazzy DEBUGINFOD_URLS=https://debuginfod.ubuntu.com /usr/bin/cmake --install /home/vitor/my_bot_ws/my_bot_ws/build/my_bot
[0.694s] Level 1:colcon.colcon_core.environment:checking '/home/vitor/my_bot_ws/my_bot_ws/install/my_bot' for CMake module files
[0.694s] Level 1:colcon.colcon_core.environment:checking '/home/vitor/my_bot_ws/my_bot_ws/install/my_bot' for CMake config files
[0.694s] Level 1:colcon.colcon_core.shell:create_environment_hook('my_bot', 'cmake_prefix_path')
[0.694s] INFO:colcon.colcon_core.shell:Creating environment hook '/home/vitor/my_bot_ws/my_bot_ws/install/my_bot/share/my_bot/hook/cmake_prefix_path.ps1'
[0.695s] INFO:colcon.colcon_core.shell:Creating environment descriptor '/home/vitor/my_bot_ws/my_bot_ws/install/my_bot/share/my_bot/hook/cmake_prefix_path.dsv'
[0.695s] INFO:colcon.colcon_core.shell:Creating environment hook '/home/vitor/my_bot_ws/my_bot_ws/install/my_bot/share/my_bot/hook/cmake_prefix_path.sh'
[0.696s] Level 1:colcon.colcon_core.environment:checking '/home/vitor/my_bot_ws/my_bot_ws/install/my_bot/lib'
[0.696s] Level 1:colcon.colcon_core.environment:checking '/home/vitor/my_bot_ws/my_bot_ws/install/my_bot/bin'
[0.696s] Level 1:colcon.colcon_core.environment:checking '/home/vitor/my_bot_ws/my_bot_ws/install/my_bot/lib/pkgconfig/my_bot.pc'
[0.696s] Level 1:colcon.colcon_core.environment:checking '/home/vitor/my_bot_ws/my_bot_ws/install/my_bot/lib/python3.12/site-packages'
[0.696s] Level 1:colcon.colcon_core.environment:checking '/home/vitor/my_bot_ws/my_bot_ws/install/my_bot/bin'
[0.696s] INFO:colcon.colcon_core.shell:Creating package script '/home/vitor/my_bot_ws/my_bot_ws/install/my_bot/share/my_bot/package.ps1'
[0.697s] INFO:colcon.colcon_core.shell:Creating package descriptor '/home/vitor/my_bot_ws/my_bot_ws/install/my_bot/share/my_bot/package.dsv'
[0.697s] INFO:colcon.colcon_core.shell:Creating package script '/home/vitor/my_bot_ws/my_bot_ws/install/my_bot/share/my_bot/package.sh'
[0.697s] INFO:colcon.colcon_core.shell:Creating package script '/home/vitor/my_bot_ws/my_bot_ws/install/my_bot/share/my_bot/package.bash'
[0.698s] INFO:colcon.colcon_core.shell:Creating package script '/home/vitor/my_bot_ws/my_bot_ws/install/my_bot/share/my_bot/package.zsh'
[0.698s] Level 1:colcon.colcon_core.environment:create_file_with_runtime_dependencies(/home/vitor/my_bot_ws/my_bot_ws/install/my_bot/share/colcon-core/packages/my_bot)
[0.698s] Level 1:colcon.colcon_core.environment:create_environment_scripts_only(my_bot)
[0.698s] Level 1:colcon.colcon_core.environment:checking '/home/vitor/my_bot_ws/my_bot_ws/install/my_bot' for CMake module files
[0.699s] Level 1:colcon.colcon_core.environment:checking '/home/vitor/my_bot_ws/my_bot_ws/install/my_bot' for CMake config files
[0.699s] Level 1:colcon.colcon_core.shell:create_environment_hook('my_bot', 'cmake_prefix_path')
[0.699s] INFO:colcon.colcon_core.shell:Creating environment hook '/home/vitor/my_bot_ws/my_bot_ws/install/my_bot/share/my_bot/hook/cmake_prefix_path.ps1'
[0.699s] INFO:colcon.colcon_core.shell:Creating environment descriptor '/home/vitor/my_bot_ws/my_bot_ws/install/my_bot/share/my_bot/hook/cmake_prefix_path.dsv'
[0.699s] INFO:colcon.colcon_core.shell:Creating environment hook '/home/vitor/my_bot_ws/my_bot_ws/install/my_bot/share/my_bot/hook/cmake_prefix_path.sh'
[0.700s] Level 1:colcon.colcon_core.environment:checking '/home/vitor/my_bot_ws/my_bot_ws/install/my_bot/lib'
[0.700s] Level 1:colcon.colcon_core.environment:checking '/home/vitor/my_bot_ws/my_bot_ws/install/my_bot/bin'
[0.700s] Level 1:colcon.colcon_core.environment:checking '/home/vitor/my_bot_ws/my_bot_ws/install/my_bot/lib/pkgconfig/my_bot.pc'
[0.700s] Level 1:colcon.colcon_core.environment:checking '/home/vitor/my_bot_ws/my_bot_ws/install/my_bot/lib/python3.12/site-packages'
[0.700s] Level 1:colcon.colcon_core.environment:checking '/home/vitor/my_bot_ws/my_bot_ws/install/my_bot/bin'
[0.700s] INFO:colcon.colcon_core.shell:Creating package script '/home/vitor/my_bot_ws/my_bot_ws/install/my_bot/share/my_bot/package.ps1'
[0.701s] INFO:colcon.colcon_core.shell:Creating package descriptor '/home/vitor/my_bot_ws/my_bot_ws/install/my_bot/share/my_bot/package.dsv'
[0.701s] INFO:colcon.colcon_core.shell:Creating package script '/home/vitor/my_bot_ws/my_bot_ws/install/my_bot/share/my_bot/package.sh'
[0.701s] INFO:colcon.colcon_core.shell:Creating package script '/home/vitor/my_bot_ws/my_bot_ws/install/my_bot/share/my_bot/package.bash'
[0.701s] INFO:colcon.colcon_core.shell:Creating package script '/home/vitor/my_bot_ws/my_bot_ws/install/my_bot/share/my_bot/package.zsh'
[0.701s] Level 1:colcon.colcon_core.environment:create_file_with_runtime_dependencies(/home/vitor/my_bot_ws/my_bot_ws/install/my_bot/share/colcon-core/packages/my_bot)
[0.702s] DEBUG:colcon.colcon_parallel_executor.executor.parallel:closing loop
[0.702s] DEBUG:colcon.colcon_parallel_executor.executor.parallel:loop closed
[0.702s] DEBUG:colcon.colcon_parallel_executor.executor.parallel:run_until_complete finished with '0'
[0.702s] DEBUG:colcon.colcon_core.event_reactor:joining thread
[0.707s] INFO:colcon.colcon_core.plugin_system:Skipping extension 'colcon_notification.desktop_notification.terminal_notifier': Not used on non-Darwin systems
[0.707s] INFO:colcon.colcon_core.plugin_system:Skipping extension 'colcon_notification.desktop_notification.win32': Not used on non-Windows systems
[0.707s] INFO:colcon.colcon_notification.desktop_notification:Sending desktop notification using 'notify2'
[0.720s] DEBUG:colcon.colcon_core.event_reactor:joined thread
[0.721s] INFO:colcon.colcon_core.shell:Creating prefix script '/home/vitor/my_bot_ws/my_bot_ws/install/local_setup.ps1'
[0.722s] INFO:colcon.colcon_core.shell:Creating prefix util module '/home/vitor/my_bot_ws/my_bot_ws/install/_local_setup_util_ps1.py'
[0.723s] INFO:colcon.colcon_core.shell:Creating prefix chain script '/home/vitor/my_bot_ws/my_bot_ws/install/setup.ps1'
[0.724s] INFO:colcon.colcon_core.shell:Creating prefix script '/home/vitor/my_bot_ws/my_bot_ws/install/local_setup.sh'
[0.724s] INFO:colcon.colcon_core.shell:Creating prefix util module '/home/vitor/my_bot_ws/my_bot_ws/install/_local_setup_util_sh.py'
[0.725s] INFO:colcon.colcon_core.shell:Creating prefix chain script '/home/vitor/my_bot_ws/my_bot_ws/install/setup.sh'
[0.725s] INFO:colcon.colcon_core.shell:Creating prefix script '/home/vitor/my_bot_ws/my_bot_ws/install/local_setup.bash'
[0.726s] INFO:colcon.colcon_core.shell:Creating prefix chain script '/home/vitor/my_bot_ws/my_bot_ws/install/setup.bash'
[0.727s] INFO:colcon.colcon_core.shell:Creating prefix script '/home/vitor/my_bot_ws/my_bot_ws/install/local_setup.zsh'
[0.727s] INFO:colcon.colcon_core.shell:Creating prefix chain script '/home/vitor/my_bot_ws/my_bot_ws/install/setup.zsh'
