[0.035s] Invoking command in '/home/vitor/my_bot_ws/my_bot_ws/build/my_bot': CMAKE_PREFIX_PATH=${CMAKE_PREFIX_PATH}:/opt/ros/jazzy DEBUGINFOD_URLS=https://debuginfod.ubuntu.com /usr/bin/cmake --build /home/vitor/my_bot_ws/my_bot_ws/build/my_bot -- -j16 -l16
[0.335s] [ 50%] [32mBuilding CXX object CMakeFiles/encoder_to_odom.dir/encoder_to_odom.cpp.o[0m
[22.327s] [100%] [32m[1mLinking CXX executable encoder_to_odom[0m
[23.132s] [100%] Built target encoder_to_odom
[23.176s] Invoked command in '/home/vitor/my_bot_ws/my_bot_ws/build/my_bot' returned '0': CMAKE_PREFIX_PATH=${CMAKE_PREFIX_PATH}:/opt/ros/jazzy DEBUGINFOD_URLS=https://debuginfod.ubuntu.com /usr/bin/cmake --build /home/vitor/my_bot_ws/my_bot_ws/build/my_bot -- -j16 -l16
[23.207s] Invoking command in '/home/vitor/my_bot_ws/my_bot_ws/build/my_bot': CMAKE_PREFIX_PATH=${CMAKE_PREFIX_PATH}:/opt/ros/jazzy DEBUGINFOD_URLS=https://debuginfod.ubuntu.com /usr/bin/cmake --install /home/vitor/my_bot_ws/my_bot_ws/build/my_bot
[23.234s] -- Install configuration: ""
[23.234s] -- Execute custom install script
[23.235s] -- Up-to-date symlink: /home/vitor/my_bot_ws/my_bot_ws/install/my_bot/lib/my_bot/encoder_to_odom
[23.236s] -- Up-to-date symlink: /home/vitor/my_bot_ws/my_bot_ws/install/my_bot/share/my_bot/config/empty.yaml
[23.236s] -- Up-to-date symlink: /home/vitor/my_bot_ws/my_bot_ws/install/my_bot/share/my_bot/config/mapper_params_online_async.yaml
[23.236s] -- Up-to-date symlink: /home/vitor/my_bot_ws/my_bot_ws/install/my_bot/share/my_bot/config/my_bot_urdf.rviz
[23.236s] -- Up-to-date symlink: /home/vitor/my_bot_ws/my_bot_ws/install/my_bot/share/my_bot/config/my_controllers.yaml
[23.237s] -- Up-to-date symlink: /home/vitor/my_bot_ws/my_bot_ws/install/my_bot/share/my_bot/description/camera.xacro
[23.237s] -- Up-to-date symlink: /home/vitor/my_bot_ws/my_bot_ws/install/my_bot/share/my_bot/description/imu.xacro
[23.237s] -- Up-to-date symlink: /home/vitor/my_bot_ws/my_bot_ws/install/my_bot/share/my_bot/description/inertial_macros.xacro
[23.237s] -- Up-to-date symlink: /home/vitor/my_bot_ws/my_bot_ws/install/my_bot/share/my_bot/description/lidar.xacro
[23.238s] -- Up-to-date symlink: /home/vitor/my_bot_ws/my_bot_ws/install/my_bot/share/my_bot/description/robot.urdf.xacro
[23.238s] -- Up-to-date symlink: /home/vitor/my_bot_ws/my_bot_ws/install/my_bot/share/my_bot/description/robot_core.xacro
[23.238s] -- Up-to-date symlink: /home/vitor/my_bot_ws/my_bot_ws/install/my_bot/share/my_bot/description/robot_description.urdf.xacro
[23.238s] -- Up-to-date symlink: /home/vitor/my_bot_ws/my_bot_ws/install/my_bot/share/my_bot/description/ros2_control.xacro
[23.238s] -- Up-to-date symlink: /home/vitor/my_bot_ws/my_bot_ws/install/my_bot/share/my_bot/description/sonar.xacro
[23.238s] -- Up-to-date symlink: /home/vitor/my_bot_ws/my_bot_ws/install/my_bot/share/my_bot/launch/display.launch.py
[23.239s] -- Up-to-date symlink: /home/vitor/my_bot_ws/my_bot_ws/install/my_bot/share/my_bot/launch/ekf.yaml
[23.239s] -- Up-to-date symlink: /home/vitor/my_bot_ws/my_bot_ws/install/my_bot/share/my_bot/launch/localization.launch.py
[23.239s] -- Up-to-date symlink: /home/vitor/my_bot_ws/my_bot_ws/install/my_bot/share/my_bot/launch/rsp.launch.py
[23.239s] -- Up-to-date symlink: /home/vitor/my_bot_ws/my_bot_ws/install/my_bot/share/my_bot/launch/ukf.launch.py
[23.240s] -- Up-to-date symlink: /home/vitor/my_bot_ws/my_bot_ws/install/my_bot/share/my_bot/launch/ukf.yaml
[23.240s] -- Up-to-date symlink: /home/vitor/my_bot_ws/my_bot_ws/install/my_bot/share/my_bot/worlds/empty.world
[23.240s] -- Up-to-date symlink: /home/vitor/my_bot_ws/my_bot_ws/install/my_bot/share/ament_index/resource_index/package_run_dependencies/my_bot
[23.241s] -- Up-to-date symlink: /home/vitor/my_bot_ws/my_bot_ws/install/my_bot/share/ament_index/resource_index/parent_prefix_path/my_bot
[23.241s] -- Up-to-date symlink: /home/vitor/my_bot_ws/my_bot_ws/install/my_bot/share/my_bot/environment/ament_prefix_path.sh
[23.241s] -- Up-to-date symlink: /home/vitor/my_bot_ws/my_bot_ws/install/my_bot/share/my_bot/environment/ament_prefix_path.dsv
[23.242s] -- Up-to-date symlink: /home/vitor/my_bot_ws/my_bot_ws/install/my_bot/share/my_bot/environment/path.sh
[23.242s] -- Up-to-date symlink: /home/vitor/my_bot_ws/my_bot_ws/install/my_bot/share/my_bot/environment/path.dsv
[23.243s] -- Up-to-date symlink: /home/vitor/my_bot_ws/my_bot_ws/install/my_bot/share/my_bot/local_setup.bash
[23.243s] -- Up-to-date symlink: /home/vitor/my_bot_ws/my_bot_ws/install/my_bot/share/my_bot/local_setup.sh
[23.243s] -- Up-to-date symlink: /home/vitor/my_bot_ws/my_bot_ws/install/my_bot/share/my_bot/local_setup.zsh
[23.243s] -- Up-to-date symlink: /home/vitor/my_bot_ws/my_bot_ws/install/my_bot/share/my_bot/local_setup.dsv
[23.243s] -- Symlinking: /home/vitor/my_bot_ws/my_bot_ws/install/my_bot/share/my_bot/package.dsv
[23.268s] -- Up-to-date symlink: /home/vitor/my_bot_ws/my_bot_ws/install/my_bot/share/ament_index/resource_index/packages/my_bot
[23.268s] -- Up-to-date symlink: /home/vitor/my_bot_ws/my_bot_ws/install/my_bot/share/my_bot/cmake/my_botConfig.cmake
[23.269s] -- Up-to-date symlink: /home/vitor/my_bot_ws/my_bot_ws/install/my_bot/share/my_bot/cmake/my_botConfig-version.cmake
[23.269s] -- Up-to-date symlink: /home/vitor/my_bot_ws/my_bot_ws/install/my_bot/share/my_bot/package.xml
[23.273s] Invoked command in '/home/vitor/my_bot_ws/my_bot_ws/build/my_bot' returned '0': CMAKE_PREFIX_PATH=${CMAKE_PREFIX_PATH}:/opt/ros/jazzy DEBUGINFOD_URLS=https://debuginfod.ubuntu.com /usr/bin/cmake --install /home/vitor/my_bot_ws/my_bot_ws/build/my_bot
